<?xml version="1.0" encoding="utf-8"?><testsuites name="pytest tests"><testsuite name="pytest" errors="0" failures="0" skipped="0" tests="20" time="24.371" timestamp="2026-07-18T06:05:02.960977+00:00" hostname="agent-env-3696c7b7-e97d-4ba3-a23a-47c2737e6dce"><testcase classname="backend.tests.test_bhoomimitra" name="test_root" time="0.280" /><testcase classname="backend.tests.test_bhoomimitra" name="test_signup_new_user" time="0.268" /><testcase classname="backend.tests.test_bhoomimitra" name="test_signup_duplicate_rejected" time="0.046" /><testcase classname="backend.tests.test_bhoomimitra" name="test_login_success" time="0.268" /><testcase classname="backend.tests.test_bhoomimitra" name="test_login_wrong_password" time="0.264" /><testcase classname="backend.tests.test_bhoomimitra" name="test_auth_me" time="0.057" /><testcase classname="backend.tests.test_bhoomimitra" name="test_auth_language_toggle" time="0.090" /><testcase classname="backend.tests.test_bhoomimitra" name="test_auth_me_requires_token" time="0.044" /><testcase classname="backend.tests.test_bhoomimitra" name="test_create_plot" time="0.047" /><testcase classname="backend.tests.test_bhoomimitra" name="test_list_plots_attaches_latest_reading" time="0.044" /><testcase classname="backend.tests.test_bhoomimitra" name="test_create_reading_with_status_and_health_score" time="0.046" /><testcase classname="backend.tests.test_bhoomimitra" name="test_get_plot_returns_readings" time="0.045" /><testcase classname="backend.tests.test_bhoomimitra" name="test_ai_analyze_card_returns_numeric" time="4.615" /><testcase classname="backend.tests.test_bhoomimitra" name="test_ai_survey_en" time="5.006" /><testcase classname="backend.tests.test_bhoomimitra" name="test_ai_survey_kn" time="8.548" /><testcase classname="backend.tests.test_bhoomimitra" name="test_ai_prescription" time="4.363" /><testcase classname="backend.tests.test_bhoomimitra" name="test_directory_labs_with_distance" time="0.043" /><testcase classname="backend.tests.test_bhoomimitra" name="test_directory_shops_with_distance" time="0.043" /><testcase classname="backend.tests.test_bhoomimitra" name="test_community_nearby_includes_seed" time="0.044" /><testcase classname="backend.tests.test_bhoomimitra" name="test_delete_plot_cascades_readings" time="0.124" /></testsuite></testsuites>